%!Adobe-FontList 1.16
%Locale:0x409

%BeginFont
Handler:DirectoryHandler
FontType:Type1
FontName:MyriadPro-Semibold
FamilyName:Myriad Pro
StyleName:Semibold
FullName:Myriad Pro Semibold
MenuName:Myriad Pro Light
StyleBits:2
WritingScript:Roman
OutlineFileName:C:\Users\Rlin\Google Drive\Work\Resume\Richard\free-indesign-resume-templates\Document fonts\Myriad10.otf
DataFormat:sfntData
UsesStandardEncoding:yes
isCFF:yes
FileLength:97332
FileModTime:1217225808
WeightClass:600
WidthClass:5
AngleClass:0
DesignSize:110
NameArray:0,Mac,4,Myriad Pro Semibold
NameArray:0,Win,1,Myriad Pro Light
NameArray:0,Win,16,Myriad Pro
%EndFont

%BeginFont
Handler:DirectoryHandler
FontType:Type1
FontName:MyriadPro-Bold
FamilyName:Myriad Pro
StyleName:Bold
FullName:Myriad Pro Bold
MenuName:Myriad Pro
StyleBits:2
WritingScript:Roman
OutlineFileName:C:\Users\Rlin\Google Drive\Work\Resume\Richard\free-indesign-resume-templates\Document fonts\MyriadP0.otf
DataFormat:sfntData
UsesStandardEncoding:yes
isCFF:yes
FileLength:97332
FileModTime:1217225808
WeightClass:700
WidthClass:5
AngleClass:0
DesignSize:110
NameArray:0,Mac,4,Myriad Pro Bold
NameArray:0,Win,1,Myriad Pro
%EndFont

%BeginFont
Handler:DirectoryHandler
FontType:Type1
FontName:MyriadPro-BoldIt
FamilyName:Myriad Pro
StyleName:Bold Italic
FullName:Myriad Pro Bold Italic
MenuName:Myriad Pro
StyleBits:3
WritingScript:Roman
OutlineFileName:C:\Users\Rlin\Google Drive\Work\Resume\Richard\free-indesign-resume-templates\Document fonts\MyriadP6.otf
DataFormat:sfntData
UsesStandardEncoding:yes
isCFF:yes
FileLength:102084
FileModTime:1217225808
WeightClass:700
WidthClass:5
AngleClass:1
DesignSize:110
NameArray:0,Mac,18,Myriad Pro Bold It
NameArray:0,Mac,4,Myriad Pro Bold Italic
NameArray:0,Win,1,Myriad Pro
%EndFont

%BeginFont
Handler:DirectoryHandler
FontType:Type1
FontName:MyriadPro-It
FamilyName:Myriad Pro
StyleName:Italic
FullName:Myriad Pro Italic
MenuName:Myriad Pro
StyleBits:1
WritingScript:Roman
OutlineFileName:C:\Users\Rlin\Google Drive\Work\Resume\Richard\free-indesign-resume-templates\Document fonts\MyriadPC.otf
DataFormat:sfntData
UsesStandardEncoding:yes
isCFF:yes
FileLength:99788
FileModTime:1217225808
WeightClass:400
WidthClass:5
AngleClass:1
DesignSize:110
NameArray:0,Mac,18,Myriad Pro It
NameArray:0,Mac,4,Myriad Pro Italic
NameArray:0,Win,1,Myriad Pro
%EndFont

%BeginFont
Handler:DirectoryHandler
FontType:Type1
FontName:MyriadPro-Regular
FamilyName:Myriad Pro
StyleName:Regular
FullName:Myriad Pro
MenuName:Myriad Pro
StyleBits:0
WritingScript:Roman
OutlineFileName:C:\Users\Rlin\Google Drive\Work\Resume\Richard\free-indesign-resume-templates\Document fonts\MyriadPE.otf
DataFormat:sfntData
UsesStandardEncoding:yes
isCFF:yes
FileLength:95984
FileModTime:1217225808
WeightClass:400
WidthClass:5
AngleClass:0
DesignSize:110
NameArray:0,Mac,4,Myriad Pro
NameArray:0,Win,1,Myriad Pro
%EndFont

